<?xml version="1.0" encoding="UTF-8"?>
<testng-results skipped="0" failed="1" total="1" passed="0">
  <reporter-output>
    <line>
      <![CDATA[required page is displayed]]>
    </line>
    <line>
      <![CDATA[Element is visible]]>
    </line>
    <line>
      <![CDATA[required page is not displayed]]>
    </line>
    <line>
      <![CDATA[Test:testA is Pass ]]>
    </line>
    <line>
      <![CDATA[TestName:testA Status:FAIL]]>
    </line>
    <line>
      <![CDATA[PHOTO:./photo/Fri Oct 19 12_43_53 IST 2018.png]]>
    </line>
  </reporter-output>
  <suite name="Default suite" duration-ms="26644" started-at="2018-10-19T07:13:27Z" finished-at="2018-10-19T07:13:54Z">
    <groups>
      <group name="smoke">
        <method signature="OrangeTC1.testA()[pri:1, instance:Script.OrangeTC1@17cd7a0]" name="testA" class="Script.OrangeTC1"/>
      </group> <!-- smoke -->
    </groups>
    <test name="Default test" duration-ms="26644" started-at="2018-10-19T07:13:27Z" finished-at="2018-10-19T07:13:54Z">
      <class name="Script.OrangeTC1">
        <test-method status="PASS" signature="openApp(java.lang.String, java.lang.String)[pri:0, instance:Script.OrangeTC1@17cd7a0]" name="openApp" is-config="true" duration-ms="8400" started-at="2018-10-19T12:43:28Z" finished-at="2018-10-19T12:43:36Z">
          <params>
            <param index="0">
              <value>
                <![CDATA[localhost]]>
              </value>
            </param>
            <param index="1">
              <value>
                <![CDATA[chrome]]>
              </value>
            </param>
          </params>
          <reporter-output>
          </reporter-output>
        </test-method> <!-- openApp -->
        <test-method status="FAIL" signature="testA()[pri:1, instance:Script.OrangeTC1@17cd7a0]" name="testA" duration-ms="16707" started-at="2018-10-19T12:43:36Z" finished-at="2018-10-19T12:43:53Z">
          <exception class="java.lang.AssertionError">
            <message>
              <![CDATA[null]]>
            </message>
            <full-stacktrace>
              <![CDATA[java.lang.AssertionError: null
	at org.testng.Assert.fail(Assert.java:94)
	at org.testng.Assert.fail(Assert.java:101)
	at GenericArchitect.WebGeneric.verifyURL(WebGeneric.java:34)
	at Script.OrangeTC1.testA(OrangeTC1.java:49)
	at sun.reflect.NativeMethodAccessorImpl.invoke0(Native Method)
	at sun.reflect.NativeMethodAccessorImpl.invoke(NativeMethodAccessorImpl.java:62)
	at sun.reflect.DelegatingMethodAccessorImpl.invoke(DelegatingMethodAccessorImpl.java:43)
	at java.lang.reflect.Method.invoke(Method.java:498)
	at org.testng.internal.MethodInvocationHelper.invokeMethod(MethodInvocationHelper.java:100)
	at org.testng.internal.Invoker.invokeMethod(Invoker.java:646)
	at org.testng.internal.Invoker.invokeTestMethod(Invoker.java:811)
	at org.testng.internal.Invoker.invokeTestMethods(Invoker.java:1129)
	at org.testng.internal.TestMethodWorker.invokeTestMethods(TestMethodWorker.java:129)
	at org.testng.internal.TestMethodWorker.run(TestMethodWorker.java:112)
	at org.testng.TestRunner.privateRun(TestRunner.java:746)
	at org.testng.TestRunner.run(TestRunner.java:600)
	at org.testng.SuiteRunner.runTest(SuiteRunner.java:366)
	at org.testng.SuiteRunner.runSequentially(SuiteRunner.java:361)
	at org.testng.SuiteRunner.privateRun(SuiteRunner.java:319)
	at org.testng.SuiteRunner.run(SuiteRunner.java:268)
	at org.testng.SuiteRunnerWorker.runSuite(SuiteRunnerWorker.java:52)
	at org.testng.SuiteRunnerWorker.run(SuiteRunnerWorker.java:86)
	at org.testng.TestNG.runSuitesSequentially(TestNG.java:1264)
	at org.testng.TestNG.runSuitesLocally(TestNG.java:1189)
	at org.testng.TestNG.runSuites(TestNG.java:1104)
	at org.testng.TestNG.run(TestNG.java:1076)
	at org.testng.remote.AbstractRemoteTestNG.run(AbstractRemoteTestNG.java:126)
	at org.testng.remote.RemoteTestNG.initAndRun(RemoteTestNG.java:152)
	at org.testng.remote.RemoteTestNG.main(RemoteTestNG.java:57)
]]>
            </full-stacktrace>
          </exception> <!-- java.lang.AssertionError -->
          <reporter-output>
            <line>
              <![CDATA[required page is displayed]]>
            </line>
            <line>
              <![CDATA[Element is visible]]>
            </line>
            <line>
              <![CDATA[required page is not displayed]]>
            </line>
            <line>
              <![CDATA[Test:testA is Pass ]]>
            </line>
          </reporter-output>
        </test-method> <!-- testA -->
        <test-method status="PASS" signature="closeApp(org.testng.ITestResult)[pri:0, instance:Script.OrangeTC1@17cd7a0]" name="closeApp" is-config="true" duration-ms="1467" started-at="2018-10-19T12:43:53Z" finished-at="2018-10-19T12:43:54Z">
          <params>
            <param index="0">
              <value>
                <![CDATA[[TestResult name=testA status=FAILURE method=OrangeTC1.testA()[pri:1, instance:Script.OrangeTC1@17cd7a0] output=required page is displayed]]]>
              </value>
            </param>
          </params>
          <reporter-output>
            <line>
              <![CDATA[TestName:testA Status:FAIL]]>
            </line>
            <line>
              <![CDATA[PHOTO:./photo/Fri Oct 19 12_43_53 IST 2018.png]]>
            </line>
          </reporter-output>
        </test-method> <!-- closeApp -->
      </class> <!-- Script.OrangeTC1 -->
    </test> <!-- Default test -->
  </suite> <!-- Default suite -->
</testng-results>
